#
# A fatal error has been detected by the Java Runtime Environment:
#
#  EXCEPTION_ACCESS_VIOLATION (0xc0000005) at pc=0x0000021588b82c80, pid=8556, tid=1708
#
# JRE version: OpenJDK Runtime Environment (15.0.1+9) (build 15.0.1+9-18)
# Java VM: OpenJDK 64-Bit Server VM (15.0.1+9-18, mixed mode, sharing, tiered, compressed oops, g1 gc, windows-amd64)
# Problematic frame:
# J 2429 c1 java.util.concurrent.CopyOnWriteArrayList.add(Ljava/lang/Object;)Z java.base@15.0.1 (46 bytes) @ 0x0000021588b82c80 [0x0000021588b82c40+0x0000000000000040]
#
# No core dump will be written. Minidumps are not enabled by default on client versions of Windows
#
# If you would like to submit a bug report, please visit:
#   https://bugreport.java.com/bugreport/crash.jsp
#

---------------  S U M M A R Y ------------

Command Line: -XX:TieredStopAtLevel=1 -Xverify:none -Dspring.output.ansi.enabled=always -javaagent:D:\Apps\IntelliJ IDEA 2021.1.2\lib\idea_rt.jar=60716:D:\Apps\IntelliJ IDEA 2021.1.2\bin -Dcom.sun.management.jmxremote -Dspring.jmx.enabled=true -Dspring.liveBeansView.mbeanDomain -Dspring.application.admin.enabled=true -Dfile.encoding=UTF-8 org.example.LWords.ServingWebContentApplication

Host: Intel(R) Core(TM) i5-7300HQ CPU @ 2.50GHz, 4 cores, 7G,  Windows 10 , 64 bit Build 19041 (10.0.19041.1023)
Time: Wed Jun 30 16:40:05 2021 RTZ 2 (зима) elapsed time: 15.418600 seconds (0d 0h 0m 15s)

---------------  T H R E A D  ---------------

Current thread (0x00000215a14c5840):  JavaThread "http-nio-8080-exec-1" daemon [_thread_in_Java, id=1708, stack(0x00000019f3500000,0x00000019f3600000)]

Stack: [0x00000019f3500000,0x00000019f3600000],  sp=0x00000019f35fce70,  free space=1011k
Native frames: (J=compiled Java code, j=interpreted, Vv=VM code, C=native code)
C  0x0000021588b82c80


siginfo: EXCEPTION_ACCESS_VIOLATION (0xc0000005), reading address 0x0000000048d88b49


Register to memory mapping:

RIP=0x0000021588b82c80 is at entry_point+64 in (nmethod*)0x0000021588b82a90
RAX=0x000000080024b118 is a pointer to class: 
java.util.concurrent.CopyOnWriteArrayList {0x000000080024b120}
RBX=0x0 is NULL
RCX=0x0 is NULL
RDX=0x0000000085f3cf58 is an oop: java.util.concurrent.CopyOnWriteArrayList 
{0x0000000085f3cf58} - klass: 'java/util/concurrent/CopyOnWriteArrayList'
RSP=0x00000019f35fce70 is pointing into the stack for thread: 0x00000215a14c5840
RBP=0x00000019f35fd218 is pointing into the stack for thread: 0x00000215a14c5840
RSI=0x0000000048d88b49 is an unknown value
RDI=0x0000000085f3cfc0 points into unknown readable memory: 0x0000000000000000 | 00 00 00 00 00 00 00 00
R8 =0x0000000085f3cf90 is an oop: ch.qos.logback.classic.Logger 
{0x0000000085f3cf90} - klass: 'ch/qos/logback/classic/Logger'
R9 =0x00000019f35fced0 is pointing into the stack for thread: 0x00000215a14c5840
R10=0x000000080024b118 is a pointer to class: 
java.util.concurrent.CopyOnWriteArrayList {0x000000080024b120}
R11=0x0000000800000000 is pointing into metadata
R12=0x0 is NULL
R13=0x000000000000002d is an unknown value
R14=0x00000000834cb0a8 is an oop: [Ljava.util.concurrent.ConcurrentHashMap$Node; 
{0x00000000834cb0a8} - klass: 'java/util/concurrent/ConcurrentHashMap$Node'[]
 - length: 2048
R15=0x00000215a14c5840 is a thread


Registers:
RAX=0x000000080024b118, RBX=0x0000000000000000, RCX=0x0000000000000000, RDX=0x0000000085f3cf58
RSP=0x00000019f35fce70, RBP=0x00000019f35fd218, RSI=0x0000000048d88b49, RDI=0x0000000085f3cfc0
R8 =0x0000000085f3cf90, R9 =0x00000019f35fced0, R10=0x000000080024b118, R11=0x0000000800000000
R12=0x0000000000000000, R13=0x000000000000002d, R14=0x00000000834cb0a8, R15=0x00000215a14c5840
RIP=0x0000021588b82c80, EFLAGS=0x0000000000010202

Top of Stack: (sp=0x00000019f35fce70)
0x00000019f35fce70:   00000019f35fd218 0000021588a6532c
0x00000019f35fce80:   00000215a05e6a00 0000000000000000
0x00000019f35fce90:   00000215a14c5840 00007fff16acd9e4
0x00000019f35fcea0:   00000215a2ee5330 00000215a05e6a4b
0x00000019f35fceb0:   0000000000000001 0000000085f3cf90
0x00000019f35fcec0:   00000000fff19b08 00000000fff19b20
0x00000019f35fced0:   0000000085f3cf00 0000000048d88b49
0x00000019f35fcee0:   0000000000000000 0000000085f3cf90
0x00000019f35fcef0:   00000019f35fd218 0000021588d01314
0x00000019f35fcf00:   0000000085f3cf90 000000008251de58
0x00000019f35fcf10:   0000021588158a90 0000000081f298f0
0x00000019f35fcf20:   0000000085f3cf18 0000000085f3ce98
0x00000019f35fcf30:   00000019f35fd218 000002158882fb8c
0x00000019f35fcf40:   0000000000000000 00000215888018b4
0x00000019f35fcf50:   00000215a14c5840 0000021500000538
0x00000019f35fcf60:   00000019f35fd218 0000021588a6532c 

Instructions: (pc=0x0000021588b82c80)
0x0000021588b82b80:   40 2c b8 88 15 02 00 00 e4 04 00 00 93 04 00 00
0x0000021588b82b90:   b0 01 00 00 d0 04 00 00 18 05 00 00 18 05 00 00
0x0000021588b82ba0:   00 00 00 00 a8 05 00 00 58 06 00 00 60 06 00 00
0x0000021588b82bb0:   08 07 00 00 38 07 00 00 38 07 00 00 38 07 00 00
0x0000021588b82bc0:   70 00 00 00 7d 09 00 00 01 00 00 00 00 00 00 00
0x0000021588b82bd0:   02 00 00 00 00 00 00 00 00 00 00 00 e0 01 00 00
0x0000021588b82be0:   02 00 00 00 ff ff ff ff ff ff ff ff 00 00 00 00
0x0000021588b82bf0:   18 60 97 44 72 64 a8 b0 4a 64 0e 64 0a 64 05 64
0x0000021588b82c00:   05 64 0e 64 05 64 09 64 15 64 18 64 1b 64 18 64
0x0000021588b82c10:   13 64 13 64 3d 64 0c 00 01 f8 51 ff 05 50 00 c0
0x0000021588b82c20:   0a 64 05 64 03 f8 fd 16 e0 ea ff 7f 05 70 0e 60
0x0000021588b82c30:   01 f8 2e ff 0e 90 0c 64 00 00 00 00 00 00 00 00
0x0000021588b82c40:   44 8b 52 08 49 c1 e2 03 49 bb 00 00 00 00 08 00
0x0000021588b82c50:   00 00 4d 03 d3 4c 3b d0 0f 85 a2 97 61 ff 66 90
0x0000021588b82c60:   89 84 24 00 90 ff ff 55 48 81 ec 80 00 00 00 4c
0x0000021588b82c70:   89 44 24 48 8b 72 0c 4c 8d 4c 24 60 49 89 71 08
0x0000021588b82c80:   48 8b 06 48 83 c8 01 49 89 01 f0 4c 0f b1 0e 0f
0x0000021588b82c90:   84 13 00 00 00 48 2b c4 48 81 e0 07 f0 ff ff 49
0x0000021588b82ca0:   89 01 0f 85 b0 01 00 00 44 8b 4a 10 41 8b 79 0c
0x0000021588b82cb0:   41 8b 59 08 48 c1 e3 03 49 ba 00 00 00 00 08 00
0x0000021588b82cc0:   00 00 49 03 da 48 8b 5b 70 48 8b 1b 48 8b c7 ff
0x0000021588b82cd0:   c0 48 89 54 24 50 49 8b d1 4c 8b c0 4c 8b cb 48
0x0000021588b82ce0:   89 74 24 58 89 7c 24 40 0f 1f 80 00 00 00 00 e8
0x0000021588b82cf0:   6c 4b cf ff 8b 7c 24 40 3b 78 0c 0f 83 79 01 00
0x0000021588b82d00:   00 4c 8b 44 24 48 49 83 f8 00 0f 84 61 00 00 00
0x0000021588b82d10:   8b 70 08 48 c1 e6 03 49 ba 00 00 00 00 08 00 00
0x0000021588b82d20:   00 49 03 f2 41 8b 58 08 48 c1 e3 03 49 ba 00 00
0x0000021588b82d30:   00 00 08 00 00 00 49 03 da 48 8b b6 e0 00 00 00
0x0000021588b82d40:   48 3b de 0f 84 28 00 00 00 8b 56 14 48 3b 34 13
0x0000021588b82d50:   0f 84 1b 00 00 00 83 fa 20 0f 85 2e 01 00 00 53
0x0000021588b82d60:   56 e8 9a 9d 6c ff 5b 5e 83 fe 00 0f 84 1c 01 00
0x0000021588b82d70:   00 48 63 ff 48 8d 74 b8 10 41 0f be 7f 30 83 ff 


Stack slot to memory mapping:
stack at sp + 0 slots: 0x00000019f35fd218 is pointing into the stack for thread: 0x00000215a14c5840
stack at sp + 1 slots: 0x0000021588a6532c is at entry_point+204 in (nmethod*)0x0000021588a65090
stack at sp + 2 slots: 0x00000215a05e6a00 is pointing into metadata
stack at sp + 3 slots: 0x0 is NULL
stack at sp + 4 slots: 0x00000215a14c5840 is a thread
stack at sp + 5 slots: 0x00007fff16acd9e4 jvm.dll
stack at sp + 6 slots: 0x00000215a2ee5330 is pointing into metadata
stack at sp + 7 slots: 0x00000215a05e6a4b is pointing into metadata

--------------------------------------------------------------------------------
[Constant Pool (empty)]

--------------------------------------------------------------------------------

[MachCode]
  0x0000021588b82c40: 448b 5208 | 49c1 e203 | 49bb 0000 | 0000 0800 | 0000 4d03 | d34c 3bd0 | 0f85 a297 | 61ff 6690 
  0x0000021588b82c60: 8984 2400 | 90ff ff55 | 4881 ec80 | 0000 004c | 8944 2448 | 8b72 0c4c | 8d4c 2460 | 4989 7108 
  0x0000021588b82c80: 488b 0648 | 83c8 0149 | 8901 f04c | 0fb1 0e0f | 8413 0000 | 0048 2bc4 | 4881 e007 | f0ff ff49 
  0x0000021588b82ca0: 8901 0f85 | b001 0000 | 448b 4a10 | 418b 790c | 418b 5908 | 48c1 e303 | 49ba 0000 | 0000 0800 
  0x0000021588b82cc0: 0000 4903 | da48 8b5b | 7048 8b1b | 488b c7ff | c048 8954 | 2450 498b | d14c 8bc0 | 4c8b cb48 
  0x0000021588b82ce0: 8974 2458 | 897c 2440 | 0f1f 8000 | 0000 00e8 | 6c4b cfff | 8b7c 2440 | 3b78 0c0f | 8379 0100 
  0x0000021588b82d00: 004c 8b44 | 2448 4983 | f800 0f84 | 6100 0000 | 8b70 0848 | c1e6 0349 | ba00 0000 | 0008 0000 
  0x0000021588b82d20: 0049 03f2 | 418b 5808 | 48c1 e303 | 49ba 0000 | 0000 0800 | 0000 4903 | da48 8bb6 | e000 0000 
  0x0000021588b82d40: 483b de0f | 8428 0000 | 008b 5614 | 483b 3413 | 0f84 1b00 | 0000 83fa | 200f 852e | 0100 0053 
  0x0000021588b82d60: 56e8 9a9d | 6cff 5b5e | 83fe 000f | 841c 0100 | 0048 63ff | 488d 74b8 | 1041 0fbe | 7f30 83ff 
  0x0000021588b82d80: 000f 850f | 0100 004d | 8bd0 4489 | 1648 8bfe | 4933 f848 | c1ef 1448 | 83ff 000f | 850f 0100 
  0x0000021588b82da0: 0041 0fbe | 7730 83fe | 0048 8b54 | 2450 0f85 | 1401 0000 | 4c8b d044 | 8952 10f0 | 8344 24c0 
  0x0000021588b82dc0: 0048 8bf2 | 4833 f048 | c1ee 1448 | 83fe 000f | 850e 0100 | 0048 8d44 | 2460 488b | 3048 85f6 
  0x0000021588b82de0: 0f84 0f00 | 0000 488b | 7808 f048 | 0fb1 370f | 8506 0100 | 00b8 0100 | 0000 4881 | c480 0000 
  0x0000021588b82e00: 005d 4d8b | 9710 0100 | 0041 8502 | c349 8b87 | 0004 0000 | 4d33 d24d | 8997 0004 | 0000 4d33 
  0x0000021588b82e20: d24d 8997 | 0804 0000 | 488b f048 | 8d44 2460 | 488b 3848 | 85ff 0f84 | 0f00 0000 | 488b 5808 
  0x0000021588b82e40: f048 0fb1 | 3b0f 85c3 | 0000 0048 | 8bc6 e9f9 | 0000 00e8 | c872 6cff | 4889 7424 | 084c 890c 
  0x0000021588b82e60: 24e8 9aa2 | 6cff e93d | feff ffe8 | b072 6cff | e8ab 726c | ffe8 a672 | 6cff 4889 | 3c24 4889 
  0x0000021588b82e80: 4424 08e8 | 9869 6cff | e893 726c | ff4c 8904 | 24e8 8a93 | 6cff 8b3e | 4883 ff00 | 0f84 e5fe 
  0x0000021588b82ea0: ffff 4889 | 3c24 e855 | c96c ffe9 | d7fe ffff | 4983 f800 | 0f84 e7fe | ffff 4889 | 3424 e83d 
  0x0000021588b82ec0: cc6c ffe9 | d9fe ffff | 8b72 1048 | 83fe 000f | 84df feff | ff48 8934 | 24e8 22c9 | 6cff e9d1 
  0x0000021588b82ee0: feff ff48 | 83f8 000f | 84e8 feff | ff48 8914 | 24e8 0acc | 6cff e9da | feff ff48 | 8d44 2460 
  0x0000021588b82f00: 4889 0424 | e8f7 a76c | ffe9 e7fe | ffff 488d | 4424 6048 | 8904 24e8 | e4a7 6cff | e92a ffff 
  0x0000021588b82f20: ff90 9049 | 8b87 0004 | 0000 49ba | 0000 0000 | 0000 0000 | 4d89 9700 | 0400 0049 | ba00 0000 
  0x0000021588b82f40: 0000 0000 | 004d 8997 | 0804 0000 | 4881 c480 | 0000 005d | e9a7 626c | fff4 f4f4 | f4f4 f4f4 
  0x0000021588b82f60: 0f1f 4400 | 0048 bb00 | 0000 0000 | 0000 00e9 | fbff ffff | e887 8f6c | ff48 b9e0 | eafd 16ff 
  0x0000021588b82f80: 7f00 0048 | 83e4 f049 | baa0 aece | 16ff 7f00 | 0041 ffd2 | f449 ba95 | 2fb8 8815 | 0200 0041 
  0x0000021588b82fa0: 52e9 faaf | 61ff f4f4 
[/MachCode]
--------------------------------------------------------------------------------


---------------  P R O C E S S  ---------------

Threads class SMR info:
_java_thread_list=0x00000215a19e9a10, length=36, elements={
0x00000215ffe29230, 0x00000215ffe29e00, 0x00000215ffe47470, 0x00000215ffe49d40,
0x00000215ffe4ddc0, 0x00000215ffe4e830, 0x00000215ffe53670, 0x00000215ffe09480,
0x000002159dc5aa30, 0x000002159dc5af00, 0x000002159de3d070, 0x000002159e2ab3a0,
0x000002159e2ad550, 0x000002159e2abd40, 0x000002159e2ada20, 0x00000215a14c3690,
0x00000215a14c96d0, 0x00000215a14c4030, 0x00000215a14c31c0, 0x00000215a14c5370,
0x00000215a14c9200, 0x00000215a14c5840, 0x00000215a14c61e0, 0x00000215a14c9ba0,
0x00000215a14c7520, 0x00000215a14c49d0, 0x00000215a14c66b0, 0x00000215a14ca070,
0x00000215a14c8d30, 0x00000215a14ca540, 0x00000215a14caa10, 0x00000215a14c3b60,
0x00000215a14c5d10, 0x00000215a14c6b80, 0x00000215a14c7050, 0x00000215a14c79f0
}

Java Threads: ( => current thread )
  0x00000215ffe29230 JavaThread "Reference Handler" daemon [_thread_blocked, id=11484, stack(0x00000019f1600000,0x00000019f1700000)]
  0x00000215ffe29e00 JavaThread "Finalizer" daemon [_thread_blocked, id=10132, stack(0x00000019f1700000,0x00000019f1800000)]
  0x00000215ffe47470 JavaThread "Signal Dispatcher" daemon [_thread_blocked, id=4668, stack(0x00000019f1800000,0x00000019f1900000)]
  0x00000215ffe49d40 JavaThread "Attach Listener" daemon [_thread_blocked, id=13092, stack(0x00000019f1900000,0x00000019f1a00000)]
  0x00000215ffe4ddc0 JavaThread "Service Thread" daemon [_thread_blocked, id=3500, stack(0x00000019f1a00000,0x00000019f1b00000)]
  0x00000215ffe4e830 JavaThread "C1 CompilerThread0" daemon [_thread_blocked, id=11260, stack(0x00000019f1b00000,0x00000019f1c00000)]
  0x00000215ffe53670 JavaThread "Sweeper thread" daemon [_thread_blocked, id=12420, stack(0x00000019f1c00000,0x00000019f1d00000)]
  0x00000215ffe09480 JavaThread "Common-Cleaner" daemon [_thread_blocked, id=9204, stack(0x00000019f1d00000,0x00000019f1e00000)]
  0x000002159dc5aa30 JavaThread "Monitor Ctrl-Break" daemon [_thread_in_native, id=8020, stack(0x00000019f1e00000,0x00000019f1f00000)]
  0x000002159dc5af00 JavaThread "Notification Thread" daemon [_thread_blocked, id=6604, stack(0x00000019f1f00000,0x00000019f2000000)]
  0x000002159de3d070 JavaThread "RMI TCP Accept-0" daemon [_thread_in_native, id=12708, stack(0x00000019f2000000,0x00000019f2100000)]
  0x000002159e2ab3a0 JavaThread "RMI TCP Connection(idle)" daemon [_thread_blocked, id=12500, stack(0x00000019f2900000,0x00000019f2a00000)]
  0x000002159e2ad550 JavaThread "RMI Scheduler(0)" daemon [_thread_blocked, id=13280, stack(0x00000019f2700000,0x00000019f2800000)]
  0x000002159e2abd40 JavaThread "PostgreSQL-JDBC-SharedTimer-1" daemon [_thread_blocked, id=11448, stack(0x00000019f2c00000,0x00000019f2d00000)]
  0x000002159e2ada20 JavaThread "HikariPool-1 housekeeper" daemon [_thread_blocked, id=5944, stack(0x00000019f2d00000,0x00000019f2e00000)]
  0x00000215a14c3690 JavaThread "Catalina-utility-1" [_thread_blocked, id=4392, stack(0x00000019f2f00000,0x00000019f3000000)]
  0x00000215a14c96d0 JavaThread "Catalina-utility-2" [_thread_blocked, id=7028, stack(0x00000019f3000000,0x00000019f3100000)]
  0x00000215a14c4030 JavaThread "container-0" [_thread_blocked, id=12480, stack(0x00000019f3200000,0x00000019f3300000)]
  0x00000215a14c31c0 JavaThread "File Watcher" daemon [_thread_blocked, id=2808, stack(0x00000019f3100000,0x00000019f3200000)]
  0x00000215a14c5370 JavaThread "Live Reload Server" daemon [_thread_in_native, id=6064, stack(0x00000019f3400000,0x00000019f3500000)]
  0x00000215a14c9200 JavaThread "http-nio-8080-BlockPoller" daemon [_thread_in_native, id=10276, stack(0x00000019f3300000,0x00000019f3400000)]
=>0x00000215a14c5840 JavaThread "http-nio-8080-exec-1" daemon [_thread_in_Java, id=1708, stack(0x00000019f3500000,0x00000019f3600000)]
  0x00000215a14c61e0 JavaThread "http-nio-8080-exec-2" daemon [_thread_blocked, id=5520, stack(0x00000019f3600000,0x00000019f3700000)]
  0x00000215a14c9ba0 JavaThread "http-nio-8080-exec-3" daemon [_thread_blocked, id=4940, stack(0x00000019f3700000,0x00000019f3800000)]
  0x00000215a14c7520 JavaThread "http-nio-8080-exec-4" daemon [_thread_blocked, id=1280, stack(0x00000019f3800000,0x00000019f3900000)]
  0x00000215a14c49d0 JavaThread "http-nio-8080-exec-5" daemon [_thread_blocked, id=10860, stack(0x00000019f3900000,0x00000019f3a00000)]
  0x00000215a14c66b0 JavaThread "http-nio-8080-exec-6" daemon [_thread_blocked, id=12784, stack(0x00000019f3a00000,0x00000019f3b00000)]
  0x00000215a14ca070 JavaThread "http-nio-8080-exec-7" daemon [_thread_blocked, id=6432, stack(0x00000019f3b00000,0x00000019f3c00000)]
  0x00000215a14c8d30 JavaThread "http-nio-8080-exec-8" daemon [_thread_blocked, id=7516, stack(0x00000019f3c00000,0x00000019f3d00000)]
  0x00000215a14ca540 JavaThread "http-nio-8080-exec-9" daemon [_thread_blocked, id=3416, stack(0x00000019f3d00000,0x00000019f3e00000)]
  0x00000215a14caa10 JavaThread "http-nio-8080-exec-10" daemon [_thread_blocked, id=14040, stack(0x00000019f3e00000,0x00000019f3f00000)]
  0x00000215a14c3b60 JavaThread "http-nio-8080-ClientPoller" daemon [_thread_in_native, id=10204, stack(0x00000019f3f00000,0x00000019f4000000)]
  0x00000215a14c5d10 JavaThread "http-nio-8080-Acceptor" daemon [_thread_in_native, id=1712, stack(0x00000019f4000000,0x00000019f4100000)]
  0x00000215a14c6b80 JavaThread "DestroyJavaVM" [_thread_blocked, id=9300, stack(0x00000019f0f00000,0x00000019f1000000)]
  0x00000215a14c7050 JavaThread "RMI TCP Connection(4)-192.168.1.191" daemon [_thread_in_native, id=13904, stack(0x00000019f2500000,0x00000019f2600000)]
  0x00000215a14c79f0 JavaThread "RMI TCP Connection(idle)" daemon [_thread_blocked, id=11428, stack(0x00000019f4100000,0x00000019f4200000)]

Other Threads:
  0x00000215ffe227d0 VMThread "VM Thread" [stack: 0x00000019f1500000,0x00000019f1600000] [id=10456]
  0x00000215feca1380 WatcherThread [stack: 0x00000019f2100000,0x00000019f2200000] [id=5788]
  0x00000215fece0f40 GCTaskThread "GC Thread#0" [stack: 0x00000019f1000000,0x00000019f1100000] [id=4456]
  0x000002159dea2fe0 GCTaskThread "GC Thread#1" [stack: 0x00000019f2200000,0x00000019f2300000] [id=9548]
  0x000002159dea4630 GCTaskThread "GC Thread#2" [stack: 0x00000019f2300000,0x00000019f2400000] [id=9392]
  0x000002159dea3310 GCTaskThread "GC Thread#3" [stack: 0x00000019f2a00000,0x00000019f2b00000] [id=4136]
  0x00000215fecf1d10 ConcurrentGCThread "G1 Main Marker" [stack: 0x00000019f1100000,0x00000019f1200000] [id=9652]
  0x00000215fecf2900 ConcurrentGCThread "G1 Conc#0" [stack: 0x00000019f1200000,0x00000019f1300000] [id=3092]
  0x00000215fed69e50 ConcurrentGCThread "G1 Refine#0" [stack: 0x00000019f1300000,0x00000019f1400000] [id=5584]
  0x000002159dececf0 ConcurrentGCThread "G1 Refine#1" [stack: 0x00000019f2400000,0x00000019f2500000] [id=10384]
  0x00000215fed6aa50 ConcurrentGCThread "G1 Young RemSet Sampling" [stack: 0x00000019f1400000,0x00000019f1500000] [id=7980]

Threads with active compile tasks:

VM state: not at safepoint (normal execution)

VM Mutex/Monitor currently owned by a thread: None

Heap address: 0x0000000081c00000, size: 2020 MB, Compressed Oops mode: 32-bit
CDS archive(s) mapped at: [0x0000000800000000-0x0000000800b50000-0x0000000800b50000), size 11862016, SharedBaseAddress: 0x0000000800000000, ArchiveRelocationMode: 0.
Compressed class space mapped at: 0x0000000800b50000-0x0000000840b50000, size: 1073741824
Narrow klass base: 0x0000000800000000, Narrow klass shift: 3, Narrow klass range: 0x100000000

GC Precious Log:
 CPUs: 4 total, 4 available
 Memory: 8075M
 Large Page Support: Disabled
 NUMA Support: Disabled
 Compressed Oops: Enabled (32-bit)
 Heap Region Size: 1M
 Heap Min Capacity: 8M
 Heap Initial Capacity: 128M
 Heap Max Capacity: 2020M
 Pre-touch: Disabled
 Parallel Workers: 4
 Concurrent Workers: 1
 Concurrent Refinement Workers: 4
 Periodic GC: Disabled

Heap:
 garbage-first heap   total 81920K, used 43553K [0x0000000081c00000, 0x0000000100000000)
  region size 1024K, 14 young (14336K), 5 survivors (5120K)
 Metaspace       used 53100K, capacity 53758K, committed 54064K, reserved 1095680K
  class space    used 7248K, capacity 7477K, committed 7552K, reserved 1048576K

Heap Regions: E=young(eden), S=young(survivor), O=old, HS=humongous(starts), HC=humongous(continues), CS=collection set, F=free, OA=open archive, CA=closed archive, TAMS=top-at-mark-start (previous, next)
|   0|0x0000000081c00000, 0x0000000081d00000, 0x0000000081d00000|100%|HS|  |TAMS 0x0000000081d00000, 0x0000000081c00000| Complete 
|   1|0x0000000081d00000, 0x0000000081e00000, 0x0000000081e00000|100%| O|  |TAMS 0x0000000081e00000, 0x0000000081d00000| Untracked 
|   2|0x0000000081e00000, 0x0000000081f00000, 0x0000000081f00000|100%| O|  |TAMS 0x0000000081f00000, 0x0000000081e00000| Untracked 
|   3|0x0000000081f00000, 0x0000000082000000, 0x0000000082000000|100%| O|  |TAMS 0x0000000082000000, 0x0000000081f00000| Untracked 
|   4|0x0000000082000000, 0x0000000082100000, 0x0000000082100000|100%| O|  |TAMS 0x0000000082100000, 0x0000000082000000| Untracked 
|   5|0x0000000082100000, 0x0000000082200000, 0x0000000082200000|100%| O|  |TAMS 0x0000000082200000, 0x0000000082100000| Untracked 
|   6|0x0000000082200000, 0x0000000082300000, 0x0000000082300000|100%| O|  |TAMS 0x0000000082300000, 0x0000000082200000| Untracked 
|   7|0x0000000082300000, 0x0000000082318a00, 0x0000000082400000|  9%| O|  |TAMS 0x0000000082318a00, 0x0000000082300000| Untracked 
|   8|0x0000000082400000, 0x0000000082500000, 0x0000000082500000|100%| O|  |TAMS 0x0000000082500000, 0x0000000082400000| Untracked 
|   9|0x0000000082500000, 0x0000000082600000, 0x0000000082600000|100%| O|  |TAMS 0x0000000082600000, 0x0000000082500000| Untracked 
|  10|0x0000000082600000, 0x0000000082700000, 0x0000000082700000|100%| O|  |TAMS 0x0000000082700000, 0x0000000082600000| Untracked 
|  11|0x0000000082700000, 0x0000000082800000, 0x0000000082800000|100%| O|  |TAMS 0x0000000082800000, 0x0000000082700000| Untracked 
|  12|0x0000000082800000, 0x0000000082900000, 0x0000000082900000|100%| O|  |TAMS 0x0000000082900000, 0x0000000082800000| Untracked 
|  13|0x0000000082900000, 0x00000000829fcc00, 0x0000000082a00000| 98%| O|  |TAMS 0x00000000829fcc00, 0x0000000082900000| Untracked 
|  14|0x0000000082a00000, 0x0000000082b00000, 0x0000000082b00000|100%| O|  |TAMS 0x0000000082a00000, 0x0000000082a00000| Untracked 
|  15|0x0000000082b00000, 0x0000000082c00000, 0x0000000082c00000|100%| O|  |TAMS 0x0000000082b00000, 0x0000000082b00000| Untracked 
|  16|0x0000000082c00000, 0x0000000082d00000, 0x0000000082d00000|100%| O|  |TAMS 0x0000000082c00000, 0x0000000082c00000| Untracked 
|  17|0x0000000082d00000, 0x0000000082e00000, 0x0000000082e00000|100%| O|  |TAMS 0x0000000082d00000, 0x0000000082d00000| Untracked 
|  18|0x0000000082e00000, 0x0000000082f00000, 0x0000000082f00000|100%| O|  |TAMS 0x0000000082e00000, 0x0000000082e00000| Untracked 
|  19|0x0000000082f00000, 0x0000000083000000, 0x0000000083000000|100%| O|  |TAMS 0x0000000082f00000, 0x0000000082f00000| Untracked 
|  20|0x0000000083000000, 0x0000000083100000, 0x0000000083100000|100%| O|  |TAMS 0x0000000083000000, 0x0000000083000000| Untracked 
|  21|0x0000000083100000, 0x0000000083200000, 0x0000000083200000|100%| O|  |TAMS 0x0000000083100000, 0x0000000083100000| Untracked 
|  22|0x0000000083200000, 0x0000000083300000, 0x0000000083300000|100%| O|  |TAMS 0x0000000083200000, 0x0000000083200000| Untracked 
|  23|0x0000000083300000, 0x0000000083400000, 0x0000000083400000|100%| O|  |TAMS 0x0000000083300000, 0x0000000083300000| Untracked 
|  24|0x0000000083400000, 0x0000000083500000, 0x0000000083500000|100%| O|  |TAMS 0x0000000083400000, 0x0000000083400000| Untracked 
|  25|0x0000000083500000, 0x0000000083600000, 0x0000000083600000|100%| O|  |TAMS 0x0000000083500000, 0x0000000083500000| Untracked 
|  26|0x0000000083600000, 0x0000000083700000, 0x0000000083700000|100%| O|  |TAMS 0x0000000083600000, 0x0000000083600000| Untracked 
|  27|0x0000000083700000, 0x000000008373f200, 0x0000000083800000| 24%| O|  |TAMS 0x0000000083700000, 0x0000000083700000| Untracked 
|  28|0x0000000083800000, 0x0000000083800000, 0x0000000083900000|  0%| F|  |TAMS 0x0000000083800000, 0x0000000083800000| Untracked 
|  29|0x0000000083900000, 0x0000000083900000, 0x0000000083a00000|  0%| F|  |TAMS 0x0000000083900000, 0x0000000083900000| Untracked 
|  30|0x0000000083a00000, 0x0000000083a00000, 0x0000000083b00000|  0%| F|  |TAMS 0x0000000083a00000, 0x0000000083a00000| Untracked 
|  31|0x0000000083b00000, 0x0000000083b00000, 0x0000000083c00000|  0%| F|  |TAMS 0x0000000083b00000, 0x0000000083b00000| Untracked 
|  32|0x0000000083c00000, 0x0000000083c00000, 0x0000000083d00000|  0%| F|  |TAMS 0x0000000083c00000, 0x0000000083c00000| Untracked 
|  33|0x0000000083d00000, 0x0000000083d00000, 0x0000000083e00000|  0%| F|  |TAMS 0x0000000083d00000, 0x0000000083d00000| Untracked 
|  34|0x0000000083e00000, 0x0000000083e00000, 0x0000000083f00000|  0%| F|  |TAMS 0x0000000083e00000, 0x0000000083e00000| Untracked 
|  35|0x0000000083f00000, 0x0000000083f00000, 0x0000000084000000|  0%| F|  |TAMS 0x0000000083f00000, 0x0000000083f00000| Untracked 
|  36|0x0000000084000000, 0x0000000084000000, 0x0000000084100000|  0%| F|  |TAMS 0x0000000084000000, 0x0000000084000000| Untracked 
|  37|0x0000000084100000, 0x0000000084100000, 0x0000000084200000|  0%| F|  |TAMS 0x0000000084100000, 0x0000000084100000| Untracked 
|  38|0x0000000084200000, 0x0000000084200000, 0x0000000084300000|  0%| F|  |TAMS 0x0000000084200000, 0x0000000084200000| Untracked 
|  39|0x0000000084300000, 0x0000000084333ca8, 0x0000000084400000| 20%| S|CS|TAMS 0x0000000084300000, 0x0000000084300000| Complete 
|  40|0x0000000084400000, 0x0000000084500000, 0x0000000084500000|100%| S|CS|TAMS 0x0000000084400000, 0x0000000084400000| Complete 
|  41|0x0000000084500000, 0x0000000084600000, 0x0000000084600000|100%| S|CS|TAMS 0x0000000084500000, 0x0000000084500000| Complete 
|  42|0x0000000084600000, 0x0000000084700000, 0x0000000084700000|100%| S|CS|TAMS 0x0000000084600000, 0x0000000084600000| Complete 
|  43|0x0000000084700000, 0x0000000084800000, 0x0000000084800000|100%| S|CS|TAMS 0x0000000084700000, 0x0000000084700000| Complete 
|  44|0x0000000084800000, 0x0000000084800000, 0x0000000084900000|  0%| F|  |TAMS 0x0000000084800000, 0x0000000084800000| Untracked 
|  45|0x0000000084900000, 0x0000000084900000, 0x0000000084a00000|  0%| F|  |TAMS 0x0000000084900000, 0x0000000084900000| Untracked 
|  46|0x0000000084a00000, 0x0000000084a00000, 0x0000000084b00000|  0%| F|  |TAMS 0x0000000084a00000, 0x0000000084a00000| Untracked 
|  47|0x0000000084b00000, 0x0000000084b00000, 0x0000000084c00000|  0%| F|  |TAMS 0x0000000084b00000, 0x0000000084b00000| Untracked 
|  48|0x0000000084c00000, 0x0000000084c00000, 0x0000000084d00000|  0%| F|  |TAMS 0x0000000084c00000, 0x0000000084c00000| Untracked 
|  49|0x0000000084d00000, 0x0000000084d00000, 0x0000000084e00000|  0%| F|  |TAMS 0x0000000084d00000, 0x0000000084d00000| Untracked 
|  50|0x0000000084e00000, 0x0000000084e00000, 0x0000000084f00000|  0%| F|  |TAMS 0x0000000084e00000, 0x0000000084e00000| Untracked 
|  51|0x0000000084f00000, 0x0000000084f00000, 0x0000000085000000|  0%| F|  |TAMS 0x0000000084f00000, 0x0000000084f00000| Untracked 
|  52|0x0000000085000000, 0x0000000085000000, 0x0000000085100000|  0%| F|  |TAMS 0x0000000085000000, 0x0000000085000000| Untracked 
|  53|0x0000000085100000, 0x0000000085100000, 0x0000000085200000|  0%| F|  |TAMS 0x0000000085100000, 0x0000000085100000| Untracked 
|  54|0x0000000085200000, 0x0000000085200000, 0x0000000085300000|  0%| F|  |TAMS 0x0000000085200000, 0x0000000085200000| Untracked 
|  55|0x0000000085300000, 0x0000000085300000, 0x0000000085400000|  0%| F|  |TAMS 0x0000000085300000, 0x0000000085300000| Untracked 
|  56|0x0000000085400000, 0x0000000085400000, 0x0000000085500000|  0%| F|  |TAMS 0x0000000085400000, 0x0000000085400000| Untracked 
|  57|0x0000000085500000, 0x0000000085500000, 0x0000000085600000|  0%| F|  |TAMS 0x0000000085500000, 0x0000000085500000| Untracked 
|  58|0x0000000085600000, 0x0000000085600000, 0x0000000085700000|  0%| F|  |TAMS 0x0000000085600000, 0x0000000085600000| Untracked 
|  59|0x0000000085700000, 0x0000000085700000, 0x0000000085800000|  0%| F|  |TAMS 0x0000000085700000, 0x0000000085700000| Untracked 
|  60|0x0000000085800000, 0x0000000085800000, 0x0000000085900000|  0%| F|  |TAMS 0x0000000085800000, 0x0000000085800000| Untracked 
|  61|0x0000000085900000, 0x0000000085900000, 0x0000000085a00000|  0%| F|  |TAMS 0x0000000085900000, 0x0000000085900000| Untracked 
|  62|0x0000000085a00000, 0x0000000085a00000, 0x0000000085b00000|  0%| F|  |TAMS 0x0000000085a00000, 0x0000000085a00000| Untracked 
|  63|0x0000000085b00000, 0x0000000085b00000, 0x0000000085c00000|  0%| F|  |TAMS 0x0000000085b00000, 0x0000000085b00000| Untracked 
|  64|0x0000000085c00000, 0x0000000085c00000, 0x0000000085d00000|  0%| F|  |TAMS 0x0000000085c00000, 0x0000000085c00000| Untracked 
|  65|0x0000000085d00000, 0x0000000085d00000, 0x0000000085e00000|  0%| F|  |TAMS 0x0000000085d00000, 0x0000000085d00000| Untracked 
|  66|0x0000000085e00000, 0x0000000085e00000, 0x0000000085f00000|  0%| F|  |TAMS 0x0000000085e00000, 0x0000000085e00000| Untracked 
|  67|0x0000000085f00000, 0x0000000085f4b598, 0x0000000086000000| 29%| E|  |TAMS 0x0000000085f00000, 0x0000000085f00000| Complete 
|  68|0x0000000086000000, 0x0000000086100000, 0x0000000086100000|100%| E|CS|TAMS 0x0000000086000000, 0x0000000086000000| Complete 
|  69|0x0000000086100000, 0x0000000086200000, 0x0000000086200000|100%| E|CS|TAMS 0x0000000086100000, 0x0000000086100000| Complete 
|  70|0x0000000086200000, 0x0000000086300000, 0x0000000086300000|100%| E|CS|TAMS 0x0000000086200000, 0x0000000086200000| Complete 
|  71|0x0000000086300000, 0x0000000086400000, 0x0000000086400000|100%| E|CS|TAMS 0x0000000086300000, 0x0000000086300000| Complete 
|  72|0x0000000086400000, 0x0000000086500000, 0x0000000086500000|100%| E|CS|TAMS 0x0000000086400000, 0x0000000086400000| Complete 
|  87|0x0000000087300000, 0x0000000087400000, 0x0000000087400000|100%| E|CS|TAMS 0x0000000087300000, 0x0000000087300000| Complete 
|  88|0x0000000087400000, 0x0000000087500000, 0x0000000087500000|100%| E|CS|TAMS 0x0000000087400000, 0x0000000087400000| Complete 
| 127|0x0000000089b00000, 0x0000000089c00000, 0x0000000089c00000|100%| E|CS|TAMS 0x0000000089b00000, 0x0000000089b00000| Complete 
|2016|0x00000000ffc00000, 0x00000000ffd00000, 0x00000000ffd00000|100%| O|  |TAMS 0x00000000ffd00000, 0x00000000ffc00000| Untracked 
|2017|0x00000000ffd00000, 0x00000000ffe00000, 0x00000000ffe00000|100%| O|  |TAMS 0x00000000ffe00000, 0x00000000ffd00000| Untracked 
|2018|0x00000000ffe00000, 0x00000000fff00000, 0x00000000fff00000|100%| O|  |TAMS 0x00000000fff00000, 0x00000000ffe00000| Untracked 
|2019|0x00000000fff00000, 0x0000000100000000, 0x0000000100000000|100%| O|  |TAMS 0x0000000100000000, 0x00000000fff00000| Untracked 

Card table byte_map: [0x00000215ff170000,0x00000215ff570000] _byte_map_base: 0x00000215fed62000

Marking Bits (Prev, Next): (CMBitMap*) 0x00000215fece1770, (CMBitMap*) 0x00000215fece1730
 Prev Bits: [0x00000215990e0000, 0x000002159b070000)
 Next Bits: [0x0000021597150000, 0x00000215990e0000)

Polling page: 0x00000215fccb0000

Metaspace:

Usage:
  Non-class:     45.20 MB capacity,    44.78 MB (>99%) used,   352.28 KB ( <1%) free+waste,    76.88 KB ( <1%) overhead. 
      Class:      7.30 MB capacity,     7.08 MB ( 97%) used,   197.19 KB (  3%) free+waste,    31.56 KB ( <1%) overhead. 
       Both:     52.50 MB capacity,    51.86 MB ( 99%) used,   549.47 KB (  1%) free+waste,   108.44 KB ( <1%) overhead. 

Virtual space:
  Non-class space:       46.00 MB reserved,      45.42 MB ( 99%) committed 
      Class space:        1.00 GB reserved,       7.38 MB ( <1%) committed 
             Both:        1.04 GB reserved,      52.80 MB (  5%) committed 

Chunk freelists:
   Non-Class:  39.00 KB
       Class:  11.00 KB
        Both:  50.00 KB

MaxMetaspaceSize: 17179869184.00 GB
CompressedClassSpaceSize: 1.00 GB

CodeHeap 'non-profiled nmethods': size=238912Kb used=8553Kb max_used=8553Kb free=230358Kb
 bounds [0x0000021588800000, 0x0000021589060000, 0x0000021597150000]
CodeHeap 'non-nmethods': size=6848Kb used=1292Kb max_used=1292Kb free=5555Kb
 bounds [0x0000021588150000, 0x00000215883c0000, 0x0000021588800000]
 total_blobs=5930 nmethods=5345 adapters=512
 compilation: enabled
              stopped_count=0, restarted_count=0
 full_count=0

Compilation events (20 events):
Event: 15.392 Thread 0x00000215ffe4e830 5336       1       sun.util.calendar.CalendarDate::getYear (5 bytes)
Event: 15.392 Thread 0x00000215ffe4e830 nmethod 5336 0x0000021589054690 code [0x0000021589054820, 0x00000215890548d8]
Event: 15.392 Thread 0x00000215ffe4e830 5337       1       java.util.Calendar::getFirstDayOfWeek (5 bytes)
Event: 15.392 Thread 0x00000215ffe4e830 nmethod 5337 0x0000021589054990 code [0x0000021589054b20, 0x0000021589054bd8]
Event: 15.392 Thread 0x00000215ffe4e830 5338       1       java.util.Calendar::getMinimalDaysInFirstWeek (5 bytes)
Event: 15.392 Thread 0x00000215ffe4e830 nmethod 5338 0x0000021589054c90 code [0x0000021589054e20, 0x0000021589054ed8]
Event: 15.397 Thread 0x00000215ffe4e830 5339       1       java.lang.Boolean::parseBoolean (7 bytes)
Event: 15.397 Thread 0x00000215ffe4e830 nmethod 5339 0x0000021589054f90 code [0x0000021589055120, 0x00000215890551e8]
Event: 15.403 Thread 0x00000215ffe4e830 5340 %     1       java.util.Properties$LineReader::readLine @ 293 (584 bytes)
Event: 15.405 Thread 0x00000215ffe4e830 nmethod 5340% 0x0000021589055290 code [0x0000021589055500, 0x0000021589056878]
Event: 15.405 Thread 0x00000215ffe4e830 5341       1       java.util.ResourceBundle$KeyElementReference::<init> (12 bytes)
Event: 15.405 Thread 0x00000215ffe4e830 nmethod 5341 0x0000021589057290 code [0x0000021589057420, 0x00000215890575f8]
Event: 15.409 Thread 0x00000215ffe4e830 5342       1       org.apache.tomcat.util.http.MimeHeaderField::getName (5 bytes)
Event: 15.409 Thread 0x00000215ffe4e830 nmethod 5342 0x0000021589057690 code [0x0000021589057820, 0x00000215890578d8]
Event: 15.409 Thread 0x00000215ffe4e830 5343       1       java.io.StringReader::ensureOpen (18 bytes)
Event: 15.409 Thread 0x00000215ffe4e830 nmethod 5343 0x0000021589057990 code [0x0000021589057b40, 0x0000021589057cc8]
Event: 15.411 Thread 0x00000215ffe4e830 5344   !   1       java.net.URL::getURLStreamHandler (191 bytes)
Event: 15.411 Thread 0x00000215ffe4e830 nmethod 5344 0x0000021589057d90 code [0x0000021589057fc0, 0x0000021589058558]
Event: 15.411 Thread 0x00000215ffe4e830 5345       1       java.util.Properties$LineReader::readLine (584 bytes)
Event: 15.412 Thread 0x00000215ffe4e830 nmethod 5345 0x0000021589058890 code [0x0000021589058b00, 0x0000021589059cd8]

GC Heap History (20 events):
Event: 1.943 GC heap before
{Heap before GC invocations=4 (full 0):
 garbage-first heap   total 131072K, used 79606K [0x0000000081c00000, 0x0000000100000000)
  region size 1024K, 73 young (74752K), 4 survivors (4096K)
 Metaspace       used 20743K, capacity 21173K, committed 21296K, reserved 1067008K
  class space    used 2761K, capacity 2905K, committed 2944K, reserved 1048576K
}
Event: 1.949 GC heap after
{Heap after GC invocations=5 (full 0):
 garbage-first heap   total 131072K, used 13968K [0x0000000081c00000, 0x0000000100000000)
  region size 1024K, 7 young (7168K), 7 survivors (7168K)
 Metaspace       used 20743K, capacity 21173K, committed 21296K, reserved 1067008K
  class space    used 2761K, capacity 2905K, committed 2944K, reserved 1048576K
}
Event: 2.306 GC heap before
{Heap before GC invocations=6 (full 0):
 garbage-first heap   total 55296K, used 52880K [0x0000000081c00000, 0x0000000100000000)
  region size 1024K, 46 young (47104K), 7 survivors (7168K)
 Metaspace       used 24740K, capacity 25234K, committed 25392K, reserved 1071104K
  class space    used 3290K, capacity 3437K, committed 3456K, reserved 1048576K
}
Event: 2.315 GC heap after
{Heap after GC invocations=7 (full 0):
 garbage-first heap   total 79872K, used 16895K [0x0000000081c00000, 0x0000000100000000)
  region size 1024K, 7 young (7168K), 7 survivors (7168K)
 Metaspace       used 24740K, capacity 25234K, committed 25392K, reserved 1071104K
  class space    used 3290K, capacity 3437K, committed 3456K, reserved 1048576K
}
Event: 2.370 GC heap before
{Heap before GC invocations=7 (full 0):
 garbage-first heap   total 79872K, used 55807K [0x0000000081c00000, 0x0000000100000000)
  region size 1024K, 46 young (47104K), 7 survivors (7168K)
 Metaspace       used 25182K, capacity 25650K, committed 25776K, reserved 1071104K
  class space    used 3326K, capacity 3469K, committed 3584K, reserved 1048576K
}
Event: 2.375 GC heap after
{Heap after GC invocations=8 (full 0):
 garbage-first heap   total 79872K, used 17621K [0x0000000081c00000, 0x0000000100000000)
  region size 1024K, 1 young (1024K), 1 survivors (1024K)
 Metaspace       used 25182K, capacity 25650K, committed 25776K, reserved 1071104K
  class space    used 3326K, capacity 3469K, committed 3584K, reserved 1048576K
}
Event: 2.508 GC heap before
{Heap before GC invocations=8 (full 0):
 garbage-first heap   total 79872K, used 59605K [0x0000000081c00000, 0x0000000100000000)
  region size 1024K, 43 young (44032K), 1 survivors (1024K)
 Metaspace       used 25672K, capacity 26209K, committed 26416K, reserved 1073152K
  class space    used 3403K, capacity 3634K, committed 3712K, reserved 1048576K
}
Event: 2.511 GC heap after
{Heap after GC invocations=9 (full 0):
 garbage-first heap   total 79872K, used 17595K [0x0000000081c00000, 0x0000000100000000)
  region size 1024K, 1 young (1024K), 1 survivors (1024K)
 Metaspace       used 25672K, capacity 26209K, committed 26416K, reserved 1073152K
  class space    used 3403K, capacity 3634K, committed 3712K, reserved 1048576K
}
Event: 3.188 GC heap before
{Heap before GC invocations=9 (full 0):
 garbage-first heap   total 79872K, used 61627K [0x0000000081c00000, 0x0000000100000000)
  region size 1024K, 44 young (45056K), 1 survivors (1024K)
 Metaspace       used 35221K, capacity 35775K, committed 35888K, reserved 1081344K
  class space    used 4713K, capacity 4920K, committed 4992K, reserved 1048576K
}
Event: 3.192 GC heap after
{Heap after GC invocations=10 (full 0):
 garbage-first heap   total 79872K, used 20496K [0x0000000081c00000, 0x0000000100000000)
  region size 1024K, 4 young (4096K), 4 survivors (4096K)
 Metaspace       used 35221K, capacity 35775K, committed 35888K, reserved 1081344K
  class space    used 4713K, capacity 4920K, committed 4992K, reserved 1048576K
}
Event: 3.193 GC heap before
{Heap before GC invocations=10 (full 0):
 garbage-first heap   total 79872K, used 20496K [0x0000000081c00000, 0x0000000100000000)
  region size 1024K, 5 young (5120K), 4 survivors (4096K)
 Metaspace       used 35260K, capacity 35807K, committed 35888K, reserved 1081344K
  class space    used 4717K, capacity 4952K, committed 4992K, reserved 1048576K
}
Event: 3.196 GC heap after
{Heap after GC invocations=11 (full 0):
 garbage-first heap   total 96256K, used 20565K [0x0000000081c00000, 0x0000000100000000)
  region size 1024K, 3 young (3072K), 3 survivors (3072K)
 Metaspace       used 35260K, capacity 35807K, committed 35888K, reserved 1081344K
  class space    used 4717K, capacity 4952K, committed 4992K, reserved 1048576K
}
Event: 4.036 GC heap before
{Heap before GC invocations=12 (full 0):
 garbage-first heap   total 81920K, used 66645K [0x0000000081c00000, 0x0000000100000000)
  region size 1024K, 48 young (49152K), 3 survivors (3072K)
 Metaspace       used 44436K, capacity 45103K, committed 45360K, reserved 1089536K
  class space    used 6013K, capacity 6212K, committed 6272K, reserved 1048576K
}
Event: 4.042 GC heap after
{Heap after GC invocations=13 (full 0):
 garbage-first heap   total 81920K, used 23637K [0x0000000081c00000, 0x0000000100000000)
  region size 1024K, 6 young (6144K), 6 survivors (6144K)
 Metaspace       used 44436K, capacity 45103K, committed 45360K, reserved 1089536K
  class space    used 6013K, capacity 6212K, committed 6272K, reserved 1048576K
}
Event: 4.438 GC heap before
{Heap before GC invocations=14 (full 0):
 garbage-first heap   total 81920K, used 65621K [0x0000000081c00000, 0x0000000100000000)
  region size 1024K, 47 young (48128K), 6 survivors (6144K)
 Metaspace       used 47681K, capacity 48287K, committed 48432K, reserved 1091584K
  class space    used 6474K, capacity 6670K, committed 6784K, reserved 1048576K
}
Event: 4.446 GC heap after
{Heap after GC invocations=15 (full 0):
 garbage-first heap   total 81920K, used 26845K [0x0000000081c00000, 0x0000000100000000)
  region size 1024K, 6 young (6144K), 6 survivors (6144K)
 Metaspace       used 47681K, capacity 48287K, committed 48432K, reserved 1091584K
  class space    used 6474K, capacity 6670K, committed 6784K, reserved 1048576K
}
Event: 4.809 GC heap before
{Heap before GC invocations=15 (full 0):
 garbage-first heap   total 81920K, used 64733K [0x0000000081c00000, 0x0000000100000000)
  region size 1024K, 43 young (44032K), 6 survivors (6144K)
 Metaspace       used 50388K, capacity 51029K, committed 51120K, reserved 1093632K
  class space    used 6908K, capacity 7133K, committed 7168K, reserved 1048576K
}
Event: 4.817 GC heap after
{Heap after GC invocations=16 (full 0):
 garbage-first heap   total 81920K, used 31149K [0x0000000081c00000, 0x0000000100000000)
  region size 1024K, 4 young (4096K), 4 survivors (4096K)
 Metaspace       used 50388K, capacity 51029K, committed 51120K, reserved 1093632K
  class space    used 6908K, capacity 7133K, committed 7168K, reserved 1048576K
}
Event: 5.109 GC heap before
{Heap before GC invocations=16 (full 0):
 garbage-first heap   total 81920K, used 63917K [0x0000000081c00000, 0x0000000100000000)
  region size 1024K, 36 young (36864K), 4 survivors (4096K)
 Metaspace       used 51876K, capacity 52506K, committed 52656K, reserved 1095680K
  class space    used 7115K, capacity 7342K, committed 7424K, reserved 1048576K
}
Event: 5.115 GC heap after
{Heap after GC invocations=17 (full 0):
 garbage-first heap   total 81920K, used 35361K [0x0000000081c00000, 0x0000000100000000)
  region size 1024K, 5 young (5120K), 5 survivors (5120K)
 Metaspace       used 51876K, capacity 52506K, committed 52656K, reserved 1095680K
  class space    used 7115K, capacity 7342K, committed 7424K, reserved 1048576K
}

Deoptimization events (6 events):
Event: 1.794 Thread 0x000002159e23dba0 DEOPT PACKING pc=0x0000021588ada454 sp=0x00000019f26fcbc0
Event: 1.794 Thread 0x000002159e23dba0 DEOPT UNPACKING pc=0x000002158819e23f sp=0x00000019f26fc118 mode 0
Event: 2.785 Thread 0x000002159e2ada20 DEOPT PACKING pc=0x0000021588a4e311 sp=0x00000019f2dfea30
Event: 2.785 Thread 0x000002159e2ada20 DEOPT UNPACKING pc=0x000002158819e23f sp=0x00000019f2dfde88 mode 3
Event: 4.145 Thread 0x000002159e23dba0 DEOPT PACKING pc=0x0000021588afe6c2 sp=0x00000019f26fbf20
Event: 4.145 Thread 0x000002159e23dba0 DEOPT UNPACKING pc=0x000002158819e23f sp=0x00000019f26fb428 mode 3

Classes unloaded (0 events):
No events

Classes redefined (0 events):
No events

Internal exceptions (20 events):
Event: 5.073 Thread 0x000002159e23dba0 Exception <a 'java/lang/ClassNotFoundException'{0x0000000084bf6e80}: org/springframework/beans/factory/AwareCustomizer> (0x0000000084bf6e80) 
thrown [./open/src/hotspot/share/classfile/systemDictionary.cpp, line 295]
Event: 5.073 Thread 0x000002159e23dba0 Exception <a 'java/lang/ClassNotFoundException'{0x0000000084bff178}: java/lang/ObjectCustomizer> (0x0000000084bff178) 
thrown [./open/src/hotspot/share/classfile/systemDictionary.cpp, line 295]
Event: 5.073 Thread 0x000002159e23dba0 Exception <a 'java/lang/ClassNotFoundException'{0x0000000084a081c0}: org/springframework/boot/devtools/autoconfigure/LocalDevToolsAutoConfiguration$LiveReloadConfigurationCustomizer> (0x0000000084a081c0) 
thrown [./open/src/hotspot/share/classfile/systemDictionary.cpp, line 295]
Event: 5.075 Thread 0x000002159e23dba0 Exception <a 'java/lang/ClassNotFoundException'{0x0000000084a23dd0}: java/lang/ObjectCustomizer> (0x0000000084a23dd0) 
thrown [./open/src/hotspot/share/classfile/systemDictionary.cpp, line 295]
Event: 5.076 Thread 0x000002159e23dba0 Exception <a 'java/lang/ClassNotFoundException'{0x0000000084a2bf60}: org/springframework/boot/devtools/livereload/LiveReloadServerCustomizer> (0x0000000084a2bf60) 
thrown [./open/src/hotspot/share/classfile/systemDictionary.cpp, line 295]
Event: 5.076 Thread 0x000002159e23dba0 Exception <a 'java/lang/ClassNotFoundException'{0x0000000084a37c88}: java/lang/ObjectCustomizer> (0x0000000084a37c88) 
thrown [./open/src/hotspot/share/classfile/systemDictionary.cpp, line 295]
Event: 5.076 Thread 0x000002159e23dba0 Exception <a 'java/lang/ClassNotFoundException'{0x0000000084a400e0}: org/springframework/boot/devtools/autoconfigure/OptionalLiveReloadServerCustomizer> (0x0000000084a400e0) 
thrown [./open/src/hotspot/share/classfile/systemDictionary.cpp, line 295]
Event: 5.076 Thread 0x000002159e23dba0 Exception <a 'java/lang/ClassNotFoundException'{0x0000000084a47278}: org/springframework/beans/factory/InitializingBeanCustomizer> (0x0000000084a47278) 
thrown [./open/src/hotspot/share/classfile/systemDictionary.cpp, line 295]
Event: 5.079 Thread 0x000002159e23dba0 Exception <a 'java/lang/ClassNotFoundException'{0x0000000084a58e70}: java/lang/ObjectCustomizer> (0x0000000084a58e70) 
thrown [./open/src/hotspot/share/classfile/systemDictionary.cpp, line 295]
Event: 5.079 Thread 0x000002159e23dba0 Exception <a 'java/lang/ClassNotFoundException'{0x0000000084a61b40}: org/springframework/boot/devtools/autoconfigure/LocalDevToolsAutoConfiguration$LiveReloadServerEventListenerCustomizer> (0x0000000084a61b40) 
thrown [./open/src/hotspot/share/classfile/systemDictionary.cpp, line 295]
Event: 5.079 Thread 0x000002159e23dba0 Exception <a 'java/lang/ClassNotFoundException'{0x0000000084a6c708}: org/springframework/context/event/GenericApplicationListenerCustomizer> (0x0000000084a6c708) 
thrown [./open/src/hotspot/share/classfile/systemDictionary.cpp, line 295]
Event: 5.080 Thread 0x000002159e23dba0 Exception <a 'java/lang/ClassNotFoundException'{0x0000000084a72928}: org/springframework/context/ApplicationListenerCustomizer> (0x0000000084a72928) 
thrown [./open/src/hotspot/share/classfile/systemDictionary.cpp, line 295]
Event: 5.080 Thread 0x000002159e23dba0 Exception <a 'java/lang/ClassNotFoundException'{0x0000000084a75ce0}: java/util/EventListenerCustomizer> (0x0000000084a75ce0) 
thrown [./open/src/hotspot/share/classfile/systemDictionary.cpp, line 295]
Event: 5.080 Thread 0x000002159e23dba0 Exception <a 'java/lang/ClassNotFoundException'{0x0000000084a7a0b0}: org/springframework/core/OrderedCustomizer> (0x0000000084a7a0b0) 
thrown [./open/src/hotspot/share/classfile/systemDictionary.cpp, line 295]
Event: 5.080 Thread 0x000002159e23dba0 Exception <a 'java/lang/ClassNotFoundException'{0x0000000084af12f0}: java/lang/ObjectCustomizer> (0x0000000084af12f0) 
thrown [./open/src/hotspot/share/classfile/systemDictionary.cpp, line 295]
Event: 5.081 Thread 0x000002159e23dba0 Exception <a 'java/lang/ClassNotFoundException'{0x0000000084af9880}: org/springframework/boot/devtools/autoconfigure/LocalDevToolsAutoConfigurationCustomizer> (0x0000000084af9880) 
thrown [./open/src/hotspot/share/classfile/systemDictionary.cpp, line 295]
Event: 5.093 Thread 0x000002159e23dba0 Exception <a 'java/lang/NoSuchMethodError'{0x0000000084809590}: 'java.lang.Object java.lang.invoke.DirectMethodHandle$Holder.invokeSpecial(java.lang.Object, java.lang.Object, int, java.lang.Object, int, java.lang.Object)'> (0x0000000084809590) 
thrown [./open/src/hotspot/share/interpreter/linkResolver.cpp, line 782]
Event: 5.093 Thread 0x000002159e23dba0 Exception <a 'java/lang/NoSuchMethodError'{0x0000000084812020}: 'java.lang.Object java.lang.invoke.DirectMethodHandle$Holder.newInvokeSpecial(java.lang.Object, java.lang.Object, int, java.lang.Object, int)'> (0x0000000084812020) 
thrown [./open/src/hotspot/share/interpreter/linkResolver.cpp, line 782]
Event: 5.094 Thread 0x000002159e23dba0 Exception <a 'java/lang/NoSuchMethodError'{0x0000000084816230}: 'java.lang.Object java.lang.invoke.DirectMethodHandle$Holder.invokeSpecial(java.lang.Object, java.lang.Object, java.lang.Object, int, java.lang.Object, int)'> (0x0000000084816230) 
thrown [./open/src/hotspot/share/interpreter/linkResolver.cpp, line 782]
Event: 5.094 Thread 0x000002159e23dba0 Exception <a 'java/lang/NoSuchMethodError'{0x00000000848205c8}: 'void java.lang.invoke.DirectMethodHandle$Holder.invokeVirtual(java.lang.Object, java.lang.Object)'> (0x00000000848205c8) 
thrown [./open/src/hotspot/share/interpreter/linkResolver.cpp, line 782]

Events (20 events):
Event: 5.224 Thread 0x00000215a14c8860 Thread exited: 0x00000215a14c8860
Event: 5.224 loading class com/sun/jmx/mbeanserver/Repository$ObjectNamePattern done
Event: 5.225 loading class javax/management/remote/rmi/RMIConnector$Util
Event: 5.225 loading class javax/management/remote/rmi/RMIConnector$Util done
Event: 5.234 Thread 0x00000215a14c8390 Thread exited: 0x00000215a14c8390
Event: 7.127 Executing VM operation: HandshakeAllThreads
Event: 7.127 Executing VM operation: HandshakeAllThreads done
Event: 8.962 Thread 0x000002159e2aaa00 Thread exited: 0x000002159e2aaa00
Event: 15.363 loading class java/util/concurrent/Semaphore
Event: 15.363 loading class java/util/concurrent/Semaphore done
Event: 15.363 loading class java/util/concurrent/Semaphore$NonfairSync
Event: 15.363 loading class java/util/concurrent/Semaphore$Sync
Event: 15.364 loading class java/util/concurrent/Semaphore$Sync done
Event: 15.364 loading class java/util/concurrent/Semaphore$NonfairSync done
Event: 15.365 loading class java/lang/invoke/ConstantBootstraps
Event: 15.366 loading class java/lang/invoke/ConstantBootstraps done
Event: 15.366 loading class sun/nio/ch/WindowsSelectorImpl$MapEntry
Event: 15.366 loading class sun/nio/ch/WindowsSelectorImpl$MapEntry done
Event: 15.394 Executing VM operation: HandshakeAllThreads
Event: 15.394 Executing VM operation: HandshakeAllThreads done


Dynamic libraries:
0x00007ff7d0c80000 - 0x00007ff7d0c8d000 	C:\Users\OMEN\.jdks\openjdk-15.0.1\bin\java.exe
0x00007fff7c370000 - 0x00007fff7c565000 	C:\WINDOWS\SYSTEM32\ntdll.dll
0x00007fff7a640000 - 0x00007fff7a6fd000 	C:\WINDOWS\System32\KERNEL32.DLL
0x00007fff79dd0000 - 0x00007fff7a098000 	C:\WINDOWS\System32\KERNELBASE.dll
0x00007fff79bc0000 - 0x00007fff79cc0000 	C:\WINDOWS\System32\ucrtbase.dll
0x00007fff729b0000 - 0x00007fff729c8000 	C:\Users\OMEN\.jdks\openjdk-15.0.1\bin\jli.dll
0x00007fff7ae00000 - 0x00007fff7afa0000 	C:\WINDOWS\System32\USER32.dll
0x00007fff7a3b0000 - 0x00007fff7a3d2000 	C:\WINDOWS\System32\win32u.dll
0x00007fff7a820000 - 0x00007fff7a84a000 	C:\WINDOWS\System32\GDI32.dll
0x00007fff79cc0000 - 0x00007fff79dcb000 	C:\WINDOWS\System32\gdi32full.dll
0x00007fff7a310000 - 0x00007fff7a3ad000 	C:\WINDOWS\System32\msvcp_win.dll
0x00007fff72a00000 - 0x00007fff72a19000 	C:\Users\OMEN\.jdks\openjdk-15.0.1\bin\VCRUNTIME140.dll
0x00007fff65700000 - 0x00007fff6599a000 	C:\WINDOWS\WinSxS\amd64_microsoft.windows.common-controls_6595b64144ccf1df_6.0.19041.1052_none_60b8f8fd71f5e8cb\COMCTL32.dll
0x00007fff7bf30000 - 0x00007fff7bfce000 	C:\WINDOWS\System32\msvcrt.dll
0x00007fff7ad70000 - 0x00007fff7ada0000 	C:\WINDOWS\System32\IMM32.DLL
0x00007fff75050000 - 0x00007fff7505c000 	C:\Users\OMEN\.jdks\openjdk-15.0.1\bin\vcruntime140_1.dll
0x00007fff72910000 - 0x00007fff729a1000 	C:\Users\OMEN\.jdks\openjdk-15.0.1\bin\msvcp140.dll
0x00007fff16780000 - 0x00007fff172de000 	C:\Users\OMEN\.jdks\openjdk-15.0.1\bin\server\jvm.dll
0x00007fff7b270000 - 0x00007fff7b31c000 	C:\WINDOWS\System32\ADVAPI32.dll
0x00007fff7be00000 - 0x00007fff7be9b000 	C:\WINDOWS\System32\sechost.dll
0x00007fff7b0e0000 - 0x00007fff7b20b000 	C:\WINDOWS\System32\RPCRT4.dll
0x00007fff7b060000 - 0x00007fff7b068000 	C:\WINDOWS\System32\PSAPI.DLL
0x00007fff64ff0000 - 0x00007fff64ff9000 	C:\WINDOWS\SYSTEM32\WSOCK32.dll
0x00007fff7b4d0000 - 0x00007fff7b53b000 	C:\WINDOWS\System32\WS2_32.dll
0x00007fff6dec0000 - 0x00007fff6dee7000 	C:\WINDOWS\SYSTEM32\WINMM.dll
0x00007fff732c0000 - 0x00007fff732ca000 	C:\WINDOWS\SYSTEM32\VERSION.dll
0x00007fff77be0000 - 0x00007fff77bf2000 	C:\WINDOWS\SYSTEM32\kernel.appcore.dll
0x00007fff729f0000 - 0x00007fff729fa000 	C:\Users\OMEN\.jdks\openjdk-15.0.1\bin\jimage.dll
0x00007fff777a0000 - 0x00007fff77984000 	C:\WINDOWS\SYSTEM32\DBGHELP.DLL
0x00007fff623d0000 - 0x00007fff623fc000 	C:\WINDOWS\SYSTEM32\dbgcore.DLL
0x00007fff79b30000 - 0x00007fff79bb3000 	C:\WINDOWS\System32\bcryptPrimitives.dll
0x00007fff72900000 - 0x00007fff7290e000 	C:\Users\OMEN\.jdks\openjdk-15.0.1\bin\instrument.dll
0x00007fff5dee0000 - 0x00007fff5df05000 	C:\Users\OMEN\.jdks\openjdk-15.0.1\bin\java.dll
0x00007fff7b540000 - 0x00007fff7bc7f000 	C:\WINDOWS\System32\SHELL32.dll
0x00007fff77c00000 - 0x00007fff78390000 	C:\WINDOWS\SYSTEM32\windows.storage.dll
0x00007fff7bfd0000 - 0x00007fff7c325000 	C:\WINDOWS\System32\combase.dll
0x00007fff79450000 - 0x00007fff7947c000 	C:\WINDOWS\SYSTEM32\Wldp.dll
0x00007fff7acc0000 - 0x00007fff7ad6e000 	C:\WINDOWS\System32\SHCORE.dll
0x00007fff7b070000 - 0x00007fff7b0c5000 	C:\WINDOWS\System32\shlwapi.dll
0x00007fff799f0000 - 0x00007fff79a0f000 	C:\WINDOWS\SYSTEM32\profapi.dll
0x00007fff5dea0000 - 0x00007fff5deb8000 	C:\Users\OMEN\.jdks\openjdk-15.0.1\bin\zip.dll
0x00007fff6b890000 - 0x00007fff6b8a9000 	C:\Users\OMEN\.jdks\openjdk-15.0.1\bin\net.dll
0x00007fff6df30000 - 0x00007fff6e03b000 	C:\WINDOWS\SYSTEM32\WINHTTP.dll
0x00007fff791c0000 - 0x00007fff7922a000 	C:\WINDOWS\system32\mswsock.dll
0x00007fff5dec0000 - 0x00007fff5ded2000 	C:\Users\OMEN\.jdks\openjdk-15.0.1\bin\nio.dll
0x00007fff5dd80000 - 0x00007fff5dd9a000 	D:\Apps\IntelliJ IDEA 2021.1.2\bin\breakgen64.dll
0x00007fff78ef0000 - 0x00007fff78fbc000 	C:\WINDOWS\SYSTEM32\DNSAPI.dll
0x00007fff78eb0000 - 0x00007fff78eeb000 	C:\WINDOWS\SYSTEM32\IPHLPAPI.DLL
0x00007fff7b0d0000 - 0x00007fff7b0d8000 	C:\WINDOWS\System32\NSI.dll
0x00007fff67ad0000 - 0x00007fff67ada000 	C:\Windows\System32\rasadhlp.dll
0x00007fff69680000 - 0x00007fff696ff000 	C:\WINDOWS\System32\fwpuclnt.dll
0x00007fff79ab0000 - 0x00007fff79ad7000 	C:\WINDOWS\System32\bcrypt.dll
0x00007fff6dd50000 - 0x00007fff6dd59000 	C:\Users\OMEN\.jdks\openjdk-15.0.1\bin\management.dll
0x00007fff674d0000 - 0x00007fff674db000 	C:\Users\OMEN\.jdks\openjdk-15.0.1\bin\management_ext.dll
0x00007fff79390000 - 0x00007fff793a8000 	C:\WINDOWS\SYSTEM32\CRYPTSP.dll
0x00007fff78b60000 - 0x00007fff78b94000 	C:\WINDOWS\system32\rsaenh.dll
0x00007fff79970000 - 0x00007fff7999e000 	C:\WINDOWS\SYSTEM32\USERENV.dll
0x00007fff793b0000 - 0x00007fff793bc000 	C:\WINDOWS\SYSTEM32\CRYPTBASE.dll
0x00007fff77150000 - 0x00007fff77167000 	C:\WINDOWS\SYSTEM32\dhcpcsvc6.DLL
0x00007fff77130000 - 0x00007fff7714d000 	C:\WINDOWS\SYSTEM32\dhcpcsvc.DLL
0x00007fff70380000 - 0x00007fff70397000 	C:\WINDOWS\system32\napinsp.dll
0x00007fff70360000 - 0x00007fff7037b000 	C:\WINDOWS\system32\pnrpnsp.dll
0x00007fff4af60000 - 0x00007fff4af75000 	C:\WINDOWS\system32\wshbth.dll
0x00007fff74de0000 - 0x00007fff74dfd000 	C:\WINDOWS\system32\NLAapi.dll
0x00007fff6ba10000 - 0x00007fff6ba22000 	C:\WINDOWS\System32\winrnr.dll
0x00007fff65d10000 - 0x00007fff65d1d000 	C:\Users\OMEN\.jdks\openjdk-15.0.1\bin\sunmscapi.dll
0x00007fff7a150000 - 0x00007fff7a2af000 	C:\WINDOWS\System32\CRYPT32.dll
0x00007fff79520000 - 0x00007fff79547000 	C:\WINDOWS\SYSTEM32\ncrypt.dll
0x00007fff79480000 - 0x00007fff794bb000 	C:\WINDOWS\SYSTEM32\NTASN1.dll

dbghelp: loaded successfully - version: 4.0.5 - missing functions: none
symbol engine: initialized successfully - sym options: 0x614 - pdb path: .;C:\Users\OMEN\.jdks\openjdk-15.0.1\bin;C:\WINDOWS\SYSTEM32;C:\WINDOWS\WinSxS\amd64_microsoft.windows.common-controls_6595b64144ccf1df_6.0.19041.1052_none_60b8f8fd71f5e8cb;C:\Users\OMEN\.jdks\openjdk-15.0.1\bin\server;D:\Apps\IntelliJ IDEA 2021.1.2\bin

VM Arguments:
jvm_args: -XX:TieredStopAtLevel=1 -Xverify:none -Dspring.output.ansi.enabled=always -javaagent:D:\Apps\IntelliJ IDEA 2021.1.2\lib\idea_rt.jar=60716:D:\Apps\IntelliJ IDEA 2021.1.2\bin -Dcom.sun.management.jmxremote -Dspring.jmx.enabled=true -Dspring.liveBeansView.mbeanDomain -Dspring.application.admin.enabled=true -Dfile.encoding=UTF-8 
java_command: org.example.LWords.ServingWebContentApplication
java_class_path (initial): C:\Users\OMEN\IdeaProjects\LWords\target\classes;C:\Users\OMEN\.m2\repository\org\springframework\boot\spring-boot-starter-web\2.4.3\spring-boot-starter-web-2.4.3.jar;C:\Users\OMEN\.m2\repository\org\springframework\boot\spring-boot-starter\2.4.3\spring-boot-starter-2.4.3.jar;C:\Users\OMEN\.m2\repository\org\springframework\boot\spring-boot-starter-logging\2.4.3\spring-boot-starter-logging-2.4.3.jar;C:\Users\OMEN\.m2\repository\ch\qos\logback\logback-classic\1.2.3\logback-classic-1.2.3.jar;C:\Users\OMEN\.m2\repository\ch\qos\logback\logback-core\1.2.3\logback-core-1.2.3.jar;C:\Users\OMEN\.m2\repository\org\apache\logging\log4j\log4j-to-slf4j\2.13.3\log4j-to-slf4j-2.13.3.jar;C:\Users\OMEN\.m2\repository\org\apache\logging\log4j\log4j-api\2.13.3\log4j-api-2.13.3.jar;C:\Users\OMEN\.m2\repository\org\slf4j\jul-to-slf4j\1.7.30\jul-to-slf4j-1.7.30.jar;C:\Users\OMEN\.m2\repository\jakarta\annotation\jakarta.annotation-api\1.3.5\jakarta.annotation-api-1.3.5.jar;C:\Users\OMEN\.m2\repository\org\yaml\snakeyaml\1.27\snakeyaml-1.27.jar;C:\Users\OMEN\.m2\repository\org\springframework\boot\spring-boot-starter-json\2.4.3\spring-boot-starter-json-2.4.3.jar;C:\Users\OMEN\.m2\repository\com\fasterxml\jackson\datatype\jackson-datatype-jdk8\2.11.4\jackson-datatype-jdk8-2.11.4.jar;C:\Users\OMEN\.m2\repository\com\fasterxml\jackson\datatype\jackson-datatype-jsr310\2.11.4\jackson-datatype-jsr310-2.11.4.jar;C:\Users\OMEN\.m2\repository\com\fasterxml\jackson\module\jackson-module-parameter-names\2.11.4\jackson-module-parameter-names-2.11.4.jar;C:\Users\OMEN\.m2\repository\org\springframework\boot\spring-boot-starter-tomcat\2.4.3\spring-boot-starter-tomcat-2.4.3.jar;C:\Users\OMEN\.m2\repository\org\apache\tomcat\embed\tomcat-embed-core\9.0.43\tomcat-embed-core-9.0.43.jar;C:\Users\OMEN\.m2\repository\org\glassfish\jakarta.el\3.0.3\jakarta.el-3.0.3.jar;C:\Users\OMEN\.m2\repository\org\apache\tomcat\embed\tomcat-embed-websocket\9.0.43\tomcat-embed-websocket-9.0.43.
Launcher Type: SUN_STANDARD

[Global flags]
     intx CICompilerCount                          = 3                                         {product} {ergonomic}
     uint ConcGCThreads                            = 1                                         {product} {ergonomic}
     uint G1ConcRefinementThreads                  = 4                                         {product} {ergonomic}
   size_t G1HeapRegionSize                         = 1048576                                   {product} {ergonomic}
    uintx GCDrainStackTargetSize                   = 64                                        {product} {ergonomic}
   size_t InitialHeapSize                          = 134217728                                 {product} {ergonomic}
     bool ManagementServer                         = true                                      {product} {command line}
   size_t MarkStackSize                            = 4194304                                   {product} {ergonomic}
   size_t MaxHeapSize                              = 2118123520                                {product} {ergonomic}
   size_t MaxNewSize                               = 1270874112                                {product} {ergonomic}
   size_t MinHeapDeltaBytes                        = 1048576                                   {product} {ergonomic}
   size_t MinHeapSize                              = 8388608                                   {product} {ergonomic}
    uintx NonNMethodCodeHeapSize                   = 6973028                                {pd product} {ergonomic}
    uintx NonProfiledCodeHeapSize                  = 244685212                              {pd product} {ergonomic}
    uintx ProfiledCodeHeapSize                     = 0                                      {pd product} {ergonomic}
    uintx ReservedCodeCacheSize                    = 251658240                              {pd product} {ergonomic}
     bool SegmentedCodeCache                       = true                                      {product} {ergonomic}
   size_t SoftMaxHeapSize                          = 2118123520                             {manageable} {ergonomic}
     intx TieredStopAtLevel                        = 1                                         {product} {command line}
     bool UseCompressedClassPointers               = true                                 {lp64_product} {ergonomic}
     bool UseCompressedOops                        = true                                 {lp64_product} {ergonomic}
     bool UseG1GC                                  = true                                      {product} {ergonomic}
     bool UseLargePagesIndividualAllocation        = false                                  {pd product} {ergonomic}

Logging:
Log output configuration:
 #0: stdout all=warning uptime,level,tags
 #1: stderr all=off uptime,level,tags

Environment Variables:
PATH=C:\Program Files (x86)\Common Files\Oracle\Java\javapath;C:\Program Files (x86)\Intel\iCLS Client\;C:\Program Files\Intel\iCLS Client\;C:\Windows\system32;C:\Windows;C:\Windows\System32\Wbem;C:\Windows\System32\WindowsPowerShell\v1.0\;C:\Program Files (x86)\Intel\Intel(R) Management Engine Components\DAL;C:\Program Files\Intel\Intel(R) Management Engine Components\DAL;C:\Program Files (x86)\Intel\Intel(R) Management Engine Components\IPT;C:\Program Files\Intel\Intel(R) Management Engine Components\IPT;C:\Program Files (x86)\NVIDIA Corporation\PhysX\Common;C:\Program Files\NVIDIA Corporation\NVIDIA NvDLISR;C:\WINDOWS\system32;C:\WINDOWS;C:\WINDOWS\System32\Wbem;C:\WINDOWS\System32\WindowsPowerShell\v1.0\;C:\WINDOWS\System32\OpenSSH\;C:\Program Files\Microsoft SQL Server\130\Tools\Binn\;C:\Program Files\Microsoft SQL Server\Client SDK\ODBC\170\Tools\Binn\;C:\Program Files (x86)\Microsoft SQL Server\150\DTS\Binn\;C:\Users\OMEN\AppData\Roaming\Microsoft\Windows\Start Menu\Programs\Python 3.8;C:\Program Files\Microsoft SQL Server\Client SDK\ODBC\130\Tools\Binn\;C:\Program Files (x86)\Microsoft SQL Server\140\Tools\Binn\;C:\Program Files\Microsoft SQL Server\140\Tools\Binn\;C:\Program Files\Microsoft SQL Server\140\DTS\Binn\;C:\Program Files\dotnet\;D:\Apps\Git\cmd;C:\Apps\Putty\;D:\Apps\Node\;C:\Users\OMEN\AppData\Local\Programs\Python\Python38-32\Scripts\;C:\Users\OMEN\AppData\Local\Programs\Python\Python38-32\;C:\Users\OMEN\AppData\Local\Microsoft\WindowsApps;C:\Users\OMEN\AppData\Local\Pandoc\;C:\Users\OMEN\.dotnet\tools;C:\Users\OMEN\AppData\Local\Microsoft\WindowsApps;C:\Users\OMEN\AppData\Roaming\npm
USERNAME=OMEN
OS=Windows_NT
PROCESSOR_IDENTIFIER=Intel64 Family 6 Model 158 Stepping 9, GenuineIntel



---------------  S Y S T E M  ---------------

OS:
 Windows 10 , 64 bit Build 19041 (10.0.19041.1023)
OS uptime: 0 days 21:36 hours

CPU: total 4 (initial active 4) (4 cores per cpu, 1 threads per core) family 6 model 158 stepping 9 microcode 0xde, cmov, cx8, fxsr, mmx, sse, sse2, sse3, ssse3, sse4.1, sse4.2, popcnt, vzeroupper, avx, avx2, aes, clmul, erms, 3dnowpref, lzcnt, tsc, tscinvbit, bmi1, bmi2, adx, fma, clflush, clflushopt

Memory: 4k page, system-wide physical 8075M (1190M free)
TotalPageFile size 14475M (AvailPageFile size 2430M)
current process WorkingSet (physical memory assigned to process): 207M, peak: 208M
current process commit charge ("private bytes"): 244M, peak: 244M

vm_info: OpenJDK 64-Bit Server VM (15.0.1+9-18) for windows-amd64 JRE (15.0.1+9-18), built on Sep 15 2020 14:39:31 by "mach5one" with unknown MS VC++:1925

END.
